c:\users\kevin\onedrive\desktop\oop345\milestone3\milestone3\milestone3\debug\vc141.pdb
c:\users\kevin\onedrive\desktop\oop345\milestone3\milestone3\milestone3\debug\vc141.idb
c:\users\kevin\onedrive\desktop\oop345\milestone3\milestone3\milestone3\debug\customeritem.obj
c:\users\kevin\onedrive\desktop\oop345\milestone3\milestone3\milestone3\debug\customerorder.obj
c:\users\kevin\onedrive\desktop\oop345\milestone3\milestone3\milestone3\debug\item.obj
c:\users\kevin\onedrive\desktop\oop345\milestone3\milestone3\milestone3\debug\task.obj
c:\users\kevin\onedrive\desktop\oop345\milestone3\milestone3\milestone3\debug\utilities.obj
c:\users\kevin\onedrive\desktop\oop345\milestone3\milestone3\milestone3\debug\itemmanager.obj
c:\users\kevin\onedrive\desktop\oop345\milestone3\milestone3\milestone3\debug\milestone_3.obj
c:\users\kevin\onedrive\desktop\oop345\milestone3\milestone3\milestone3\debug\ordermanager.obj
c:\users\kevin\onedrive\desktop\oop345\milestone3\milestone3\milestone3\debug\taskmanager.obj
c:\users\kevin\onedrive\desktop\oop345\milestone3\milestone3\debug\milestone3.pdb
c:\users\kevin\onedrive\desktop\oop345\milestone3\milestone3\milestone3\debug\milestone3.tlog\cl.command.1.tlog
c:\users\kevin\onedrive\desktop\oop345\milestone3\milestone3\milestone3\debug\milestone3.tlog\cl.read.1.tlog
c:\users\kevin\onedrive\desktop\oop345\milestone3\milestone3\milestone3\debug\milestone3.tlog\cl.write.1.tlog
c:\users\kevin\onedrive\desktop\oop345\milestone3\milestone3\milestone3\debug\milestone3.tlog\link-cvtres.read.1.tlog
c:\users\kevin\onedrive\desktop\oop345\milestone3\milestone3\milestone3\debug\milestone3.tlog\link-cvtres.write.1.tlog
c:\users\kevin\onedrive\desktop\oop345\milestone3\milestone3\milestone3\debug\milestone3.tlog\link-rc.read.1.tlog
c:\users\kevin\onedrive\desktop\oop345\milestone3\milestone3\milestone3\debug\milestone3.tlog\link-rc.write.1.tlog
c:\users\kevin\onedrive\desktop\oop345\milestone3\milestone3\milestone3\debug\milestone3.tlog\link.command.1.tlog
c:\users\kevin\onedrive\desktop\oop345\milestone3\milestone3\milestone3\debug\milestone3.tlog\link.read.1.tlog
c:\users\kevin\onedrive\desktop\oop345\milestone3\milestone3\milestone3\debug\milestone3.tlog\link.write.1.tlog
